<?xml version="1.0" encoding="UTF-8"?>
<coverage generated="1751882865263" clover="3.2.0">
  <project timestamp="1751882865264" name="All files">
    <metrics statements="32" coveredstatements="32" conditionals="14" coveredconditionals="13" methods="11" coveredmethods="11" elements="57" coveredelements="56" complexity="0" loc="32" ncloc="32" packages="1" files="5" classes="5"/>
    <file name="analyzeArray.js" path="D:\practice\Testing-Practice\code-modules\analyzeArray.js">
      <metrics statements="11" coveredstatements="11" conditionals="0" coveredconditionals="0" methods="4" coveredmethods="4"/>
      <line num="1" count="1" type="stmt"/>
      <line num="3" count="1" type="stmt"/>
      <line num="5" count="1" type="stmt"/>
      <line num="6" count="6" type="stmt"/>
      <line num="8" count="1" type="stmt"/>
      <line num="9" count="1" type="stmt"/>
      <line num="13" count="1" type="stmt"/>
      <line num="14" count="1" type="stmt"/>
      <line num="18" count="1" type="stmt"/>
      <line num="19" count="1" type="stmt"/>
      <line num="23" count="1" type="stmt"/>
    </file>
    <file name="caesarCipher.js" path="D:\practice\Testing-Practice\code-modules\caesarCipher.js">
      <metrics statements="10" coveredstatements="10" conditionals="8" coveredconditionals="8" methods="1" coveredmethods="1"/>
      <line num="2" count="5" type="stmt"/>
      <line num="3" count="5" type="stmt"/>
      <line num="4" count="25" type="cond" truecount="4" falsecount="0"/>
      <line num="5" count="14" type="stmt"/>
      <line num="6" count="14" type="stmt"/>
      <line num="7" count="11" type="cond" truecount="4" falsecount="0"/>
      <line num="8" count="8" type="stmt"/>
      <line num="9" count="8" type="stmt"/>
      <line num="11" count="3" type="stmt"/>
      <line num="14" count="5" type="stmt"/>
    </file>
    <file name="calculator.js" path="D:\practice\Testing-Practice\code-modules\calculator.js">
      <metrics statements="7" coveredstatements="7" conditionals="2" coveredconditionals="2" methods="4" coveredmethods="4"/>
      <line num="1" count="1" type="stmt"/>
      <line num="3" count="2" type="stmt"/>
      <line num="6" count="2" type="stmt"/>
      <line num="9" count="3" type="stmt"/>
      <line num="12" count="3" type="cond" truecount="2" falsecount="0"/>
      <line num="13" count="1" type="stmt"/>
      <line num="15" count="2" type="stmt"/>
    </file>
    <file name="capitalize.js" path="D:\practice\Testing-Practice\code-modules\capitalize.js">
      <metrics statements="2" coveredstatements="2" conditionals="2" coveredconditionals="2" methods="1" coveredmethods="1"/>
      <line num="2" count="2" type="cond" truecount="2" falsecount="0"/>
      <line num="3" count="1" type="stmt"/>
    </file>
    <file name="reverseString.js" path="D:\practice\Testing-Practice\code-modules\reverseString.js">
      <metrics statements="2" coveredstatements="2" conditionals="2" coveredconditionals="1" methods="1" coveredmethods="1"/>
      <line num="2" count="1" type="cond" truecount="1" falsecount="1"/>
      <line num="3" count="1" type="stmt"/>
    </file>
  </project>
</coverage>
