TN:
SF:code-modules\analyzeArray.js
FN:2,(anonymous_0)
FN:12,(anonymous_1)
FN:17,(anonymous_2)
FN:22,(anonymous_3)
FNF:4
FNH:4
FNDA:1,(anonymous_0)
FNDA:1,(anonymous_1)
FNDA:1,(anonymous_2)
FNDA:1,(anonymous_3)
DA:1,1
DA:3,1
DA:5,1
DA:6,6
DA:8,1
DA:9,1
DA:13,1
DA:14,1
DA:18,1
DA:19,1
DA:23,1
LF:11
LH:11
BRF:0
BRH:0
end_of_record
TN:
SF:code-modules\caesarCipher.js
FN:1,caesarCipher
FNF:1
FNH:1
FNDA:5,caesarCipher
DA:2,5
DA:3,5
DA:4,25
DA:5,14
DA:6,14
DA:7,11
DA:8,8
DA:9,8
DA:11,3
DA:14,5
LF:10
LH:10
BRDA:4,0,0,14
BRDA:4,0,1,11
BRDA:4,1,0,25
BRDA:4,1,1,14
BRDA:7,2,0,8
BRDA:7,2,1,3
BRDA:7,3,0,11
BRDA:7,3,1,8
BRF:8
BRH:8
end_of_record
TN:
SF:code-modules\calculator.js
FN:2,(anonymous_0)
FN:5,(anonymous_1)
FN:8,(anonymous_2)
FN:11,(anonymous_3)
FNF:4
FNH:4
FNDA:2,(anonymous_0)
FNDA:2,(anonymous_1)
FNDA:3,(anonymous_2)
FNDA:3,(anonymous_3)
DA:1,1
DA:3,2
DA:6,2
DA:9,3
DA:12,3
DA:13,1
DA:15,2
LF:7
LH:7
BRDA:12,0,0,1
BRDA:12,0,1,2
BRF:2
BRH:2
end_of_record
TN:
SF:code-modules\capitalize.js
FN:1,capitalize
FNF:1
FNH:1
FNDA:2,capitalize
DA:2,2
DA:3,1
LF:2
LH:2
BRDA:2,0,0,1
BRDA:2,0,1,1
BRF:2
BRH:2
end_of_record
TN:
SF:code-modules\reverseString.js
FN:1,reverseString
FNF:1
FNH:1
FNDA:1,reverseString
DA:2,1
DA:3,1
LF:2
LH:2
BRDA:2,0,0,0
BRDA:2,0,1,1
BRF:2
BRH:1
end_of_record
